Some Usable Environment Variables:
=================================
hostname=f03-09.cluster
$SLURM_JOB_ID=401298
$SLURM_NTASKS=1
$SLURM_NTASKS_PER_NODE=1
$SLURM_CPUS_PER_TASK=4
$SLURM_JOB_CPUS_PER_NODE=4
$SLURM_MEM_PER_NODE=8000
Loading nextflow/21.10
  Loading requirement: java/17.0.1
Loading singularity/3.8.7
  Loading requirement: go/1.17.2
N E X T F L O W  ~  version 21.10.6
Launching `/mnt/data/GROUP-smbpk/sbidp3/AMRplusplus/main_AMR++.nf` [insane_meitner] - revision: bc95736ceb
 A M R + +    N F   P I P E L I N E
 ===================================
 reads        : /tmp/dans-bracken-test/fastq/*{R1,R2}.fastq.gz
 output       : /tmp/dans-bracken-test/bracken-testing
 
Cannot find a component with name 'FASTQ_KRAKEN_WF' in module: /mnt/data/GROUP-smbpk/sbidp3/AMRplusplus/subworkflows/fastq_microbiome_wBracken.nf

 -- Check script './subworkflows/AMR++_standard_wKrak_and_Brack.nf' at line: 5 or see '.nextflow.log' file for more details
Cannot find any reads matching: /tmp/dans-bracken-test/fastq/*{R1,R2}.fastq.gz

 -- Check script 'main_AMR++.nf' at line: 65 or see '.nextflow.log' file for more details
